c:\qtcode\qtwidgetsapplication1\qtwidgetsapplication1\x64\debug\moc_qtwidgetsapplication1.obj
c:\qtcode\qtwidgetsapplication1\qtwidgetsapplication1\x64\debug\qrc_qtwidgetsapplication1.obj
c:\qtcode\qtwidgetsapplication1\qtwidgetsapplication1\x64\debug\vc143.pdb
c:\qtcode\qtwidgetsapplication1\qtwidgetsapplication1\x64\debug\main.obj
c:\qtcode\qtwidgetsapplication1\qtwidgetsapplication1\x64\debug\qtwidgetsapplication1.obj
c:\qtcode\qtwidgetsapplication1\x64\debug\qtwidgetsapplication1.exe
c:\qtcode\qtwidgetsapplication1\x64\debug\qtwidgetsapplication1.ilk
c:\qtcode\qtwidgetsapplication1\x64\debug\qtwidgetsapplication1.pdb
c:\qtcode\qtwidgetsapplication1\qtwidgetsapplication1\x64\debug\moc\moc_qtwidgetsapplication1.cpp
c:\qtcode\qtwidgetsapplication1\qtwidgetsapplication1\x64\debug\uic\ui_qtwidgetsapplication1.h
c:\qtcode\qtwidgetsapplication1\qtwidgetsapplication1\x64\debug\rcc\qrc_qtwidgetsapplication1.cpp
c:\qtcode\qtwidgetsapplication1\qtwidgetsapplication1\x64\debug\qtwidget.6be3a68d.tlog\cl.command.1.tlog
c:\qtcode\qtwidgetsapplication1\qtwidgetsapplication1\x64\debug\qtwidget.6be3a68d.tlog\cl.items.tlog
c:\qtcode\qtwidgetsapplication1\qtwidgetsapplication1\x64\debug\qtwidget.6be3a68d.tlog\cl.read.1.tlog
c:\qtcode\qtwidgetsapplication1\qtwidgetsapplication1\x64\debug\qtwidget.6be3a68d.tlog\cl.write.1.tlog
c:\qtcode\qtwidgetsapplication1\qtwidgetsapplication1\x64\debug\qtwidget.6be3a68d.tlog\link.command.1.tlog
c:\qtcode\qtwidgetsapplication1\qtwidgetsapplication1\x64\debug\qtwidget.6be3a68d.tlog\link.read.1.tlog
c:\qtcode\qtwidgetsapplication1\qtwidgetsapplication1\x64\debug\qtwidget.6be3a68d.tlog\link.write.1.tlog
c:\qtcode\qtwidgetsapplication1\qtwidgetsapplication1\x64\debug\qtwidget.6be3a68d.tlog\moc.read.1u.tlog
c:\qtcode\qtwidgetsapplication1\qtwidgetsapplication1\x64\debug\qtwidget.6be3a68d.tlog\moc.write.1u.tlog
c:\qtcode\qtwidgetsapplication1\qtwidgetsapplication1\x64\debug\qtwidget.6be3a68d.tlog\qtwidgetsapplication1.write.1u.tlog
c:\qtcode\qtwidgetsapplication1\qtwidgetsapplication1\x64\debug\qtwidget.6be3a68d.tlog\rcc.read.1u.tlog
c:\qtcode\qtwidgetsapplication1\qtwidgetsapplication1\x64\debug\qtwidget.6be3a68d.tlog\rcc.write.1u.tlog
c:\qtcode\qtwidgetsapplication1\qtwidgetsapplication1\x64\debug\qtwidget.6be3a68d.tlog\uic.read.1u.tlog
c:\qtcode\qtwidgetsapplication1\qtwidgetsapplication1\x64\debug\qtwidget.6be3a68d.tlog\uic.write.1u.tlog
