c:\qtcode\qtwidgetsapplication2\qtwidgetsapplication2\x64\debug\teacher.obj
c:\qtcode\qtwidgetsapplication2\qtwidgetsapplication2\x64\debug\main.obj
c:\qtcode\qtwidgetsapplication2\qtwidgetsapplication2\x64\debug\student.obj
c:\qtcode\qtwidgetsapplication2\qtwidgetsapplication2\x64\debug\vc143.pdb
c:\qtcode\qtwidgetsapplication2\qtwidgetsapplication2\x64\debug\qtwidgetsapplication2.obj
c:\qtcode\qtwidgetsapplication2\qtwidgetsapplication2\x64\debug\qrc_qtwidgetsapplication2.obj
c:\qtcode\qtwidgetsapplication2\qtwidgetsapplication2\x64\debug\moc_student.obj
c:\qtcode\qtwidgetsapplication2\qtwidgetsapplication2\x64\debug\moc_teacher.obj
c:\qtcode\qtwidgetsapplication2\qtwidgetsapplication2\x64\debug\moc_qtwidgetsapplication2.obj
c:\qtcode\qtwidgetsapplication2\x64\debug\qtwidgetsapplication2.ilk
c:\qtcode\qtwidgetsapplication2\x64\debug\qtwidgetsapplication2.exe
c:\qtcode\qtwidgetsapplication2\x64\debug\qtwidgetsapplication2.pdb
c:\qtcode\qtwidgetsapplication2\qtwidgetsapplication2\x64\debug\moc\moc_qtwidgetsapplication2.cpp
c:\qtcode\qtwidgetsapplication2\qtwidgetsapplication2\x64\debug\moc\moc_teacher.cpp
c:\qtcode\qtwidgetsapplication2\qtwidgetsapplication2\x64\debug\moc\moc_student.cpp
c:\qtcode\qtwidgetsapplication2\qtwidgetsapplication2\x64\debug\uic\ui_qtwidgetsapplication2.h
c:\qtcode\qtwidgetsapplication2\qtwidgetsapplication2\x64\debug\rcc\qrc_qtwidgetsapplication2.cpp
c:\qtcode\qtwidgetsapplication2\qtwidgetsapplication2\x64\debug\qtwidget.d3e61861.tlog\cl.command.1.tlog
c:\qtcode\qtwidgetsapplication2\qtwidgetsapplication2\x64\debug\qtwidget.d3e61861.tlog\cl.items.tlog
c:\qtcode\qtwidgetsapplication2\qtwidgetsapplication2\x64\debug\qtwidget.d3e61861.tlog\cl.read.1.tlog
c:\qtcode\qtwidgetsapplication2\qtwidgetsapplication2\x64\debug\qtwidget.d3e61861.tlog\cl.write.1.tlog
c:\qtcode\qtwidgetsapplication2\qtwidgetsapplication2\x64\debug\qtwidget.d3e61861.tlog\link.command.1.tlog
c:\qtcode\qtwidgetsapplication2\qtwidgetsapplication2\x64\debug\qtwidget.d3e61861.tlog\link.read.1.tlog
c:\qtcode\qtwidgetsapplication2\qtwidgetsapplication2\x64\debug\qtwidget.d3e61861.tlog\link.write.1.tlog
c:\qtcode\qtwidgetsapplication2\qtwidgetsapplication2\x64\debug\qtwidget.d3e61861.tlog\moc.read.1u.tlog
c:\qtcode\qtwidgetsapplication2\qtwidgetsapplication2\x64\debug\qtwidget.d3e61861.tlog\moc.write.1u.tlog
c:\qtcode\qtwidgetsapplication2\qtwidgetsapplication2\x64\debug\qtwidget.d3e61861.tlog\qtwidgetsapplication2.write.1u.tlog
c:\qtcode\qtwidgetsapplication2\qtwidgetsapplication2\x64\debug\qtwidget.d3e61861.tlog\rcc.read.1u.tlog
c:\qtcode\qtwidgetsapplication2\qtwidgetsapplication2\x64\debug\qtwidget.d3e61861.tlog\rcc.write.1u.tlog
c:\qtcode\qtwidgetsapplication2\qtwidgetsapplication2\x64\debug\qtwidget.d3e61861.tlog\uic.read.1u.tlog
c:\qtcode\qtwidgetsapplication2\qtwidgetsapplication2\x64\debug\qtwidget.d3e61861.tlog\uic.write.1u.tlog
